  … 100 yr  (5%)  elapsed 34s  eta 649s
  … 200 yr  (10%)  elapsed 68s  eta 612s
  … 300 yr  (15%)  elapsed 102s  eta 580s
  … 400 yr  (20%)  elapsed 138s  eta 552s
  … 500 yr  (25%)  elapsed 174s  eta 521s
  … 600 yr  (30%)  elapsed 209s  eta 487s
  … 700 yr  (35%)  elapsed 245s  eta 454s
  … 800 yr  (40%)  elapsed 280s  eta 420s
  … 900 yr  (45%)  elapsed 316s  eta 386s
  … 1,000 yr  (50%)  elapsed 351s  eta 351s
  … 1,100 yr  (55%)  elapsed 387s  eta 317s
  … 1,200 yr  (60%)  elapsed 422s  eta 281s
  … 1,300 yr  (65%)  elapsed 457s  eta 246s
  … 1,400 yr  (70%)  elapsed 492s  eta 211s
  … 1,500 yr  (75%)  elapsed 527s  eta 176s
  … 1,600 yr  (80%)  elapsed 562s  eta 140s
  … 1,700 yr  (85%)  elapsed 597s  eta 105s
  … 1,800 yr  (90%)  elapsed 632s  eta 70s
  … 1,900 yr  (95%)  elapsed 667s  eta 35s
  … 2,000 yr  (100%)  elapsed 701s  eta 0s

=== Alpha Centauri AB + A b [J2(Alpha Centauri A b)=0.023, obliq=5°] ===
  star mass: 1.1055 Msun
  bodies: 2 planet(s), 5 hypothetical(s)
  J2: 0.023 on Alpha Centauri A b (R_eq=71,492 km)
  dt = 0.0069 d   (P_inner = 0.384 d)
  elapsed: 701.3 s
  |ΔE/E|  = 3.87e-10
  MEGNO   = n/a  (leapfrog: no variational eqs → a/e-drift verdict)
  verdict: STABLE   (hottest eccentricity: hot)

  Alpha Centauri B           a∈[23.51349,23.68341] AU  Δa/a=7.23e-03  e∈[0.5143,0.5180]  → stable [hot]
  Alpha Centauri A b         a∈[1.58780,1.62443] AU  Δa/a=2.31e-02  e∈[0.0426,0.1130]  → stable [calm]
  Dante                      a∈[0.00073,0.00074] AU  Δa/a=4.23e-03  e∈[0.0000,0.0288]  → stable [calm]
  Hades                      a∈[0.00099,0.00100] AU  Δa/a=1.78e-02  e∈[0.0002,0.0712]  → stable [calm]
  Pandora                    a∈[0.00169,0.00169] AU  Δa/a=5.72e-04  e∈[0.0000,0.0069]  → stable [calm]
  Cassandra                  a∈[0.00391,0.00402] AU  Δa/a=2.86e-02  e∈[0.0220,0.0696]  → stable [calm]
  Chaos                      a∈[0.00992,0.01063] AU  Δa/a=7.17e-02  e∈[0.0006,0.0658]  → stable [calm]
    moon Dante: max_hill_frac=0.010, bound=True
    moon Hades: max_hill_frac=0.013, bound=True
    moon Pandora: max_hill_frac=0.022, bound=True
    moon Cassandra: max_hill_frac=0.053, bound=True
    moon Chaos: max_hill_frac=0.139, bound=True
  → wrote phase3/stability-sim/results/_principia2000_dense/alpha_centauri_summary.json
  → wrote phase3/stability-sim/results/_principia2000_dense/alpha_centauri_timeseries.csv
