  … 100 yr  (5%)  elapsed 37s  eta 703s
  … 200 yr  (10%)  elapsed 75s  eta 674s
  … 300 yr  (15%)  elapsed 113s  eta 640s
  … 400 yr  (20%)  elapsed 151s  eta 606s
  … 500 yr  (25%)  elapsed 189s  eta 568s
  … 600 yr  (30%)  elapsed 228s  eta 532s
  … 700 yr  (35%)  elapsed 265s  eta 492s
  … 800 yr  (40%)  elapsed 304s  eta 455s
  … 900 yr  (45%)  elapsed 343s  eta 419s
  … 1,000 yr  (50%)  elapsed 382s  eta 382s
  … 1,100 yr  (55%)  elapsed 421s  eta 344s
  … 1,200 yr  (60%)  elapsed 458s  eta 305s
  … 1,300 yr  (65%)  elapsed 498s  eta 268s
  … 1,400 yr  (70%)  elapsed 536s  eta 230s
  … 1,500 yr  (75%)  elapsed 574s  eta 191s
  … 1,600 yr  (80%)  elapsed 612s  eta 153s
  … 1,700 yr  (85%)  elapsed 651s  eta 115s
  … 1,800 yr  (90%)  elapsed 689s  eta 77s
  … 1,900 yr  (95%)  elapsed 728s  eta 38s
  … 2,000 yr  (100%)  elapsed 766s  eta 0s

=== Alpha Centauri AB + A b [J2(Alpha Centauri A b)=0.023, obliq=5°] ===
  star mass: 1.1055 Msun
  bodies: 2 planet(s), 5 hypothetical(s)
  J2: 0.023 on Alpha Centauri A b (R_eq=71,492 km)
  dt = 0.0069 d   (P_inner = 0.384 d)
  elapsed: 765.5 s
  |ΔE/E|  = 3.87e-10
  MEGNO   = n/a  (leapfrog: no variational eqs → a/e-drift verdict)
  verdict: STABLE   (hottest eccentricity: hot)

  Alpha Centauri B           a∈[23.52173,23.67463] AU  Δa/a=6.50e-03  e∈[0.5144,0.5179]  → stable [hot]
  Alpha Centauri A b         a∈[1.58914,1.62144] AU  Δa/a=2.03e-02  e∈[0.0454,0.1103]  → stable [calm]
  Dante                      a∈[0.00073,0.00074] AU  Δa/a=3.89e-03  e∈[0.0003,0.0284]  → stable [calm]
  Hades                      a∈[0.00099,0.00100] AU  Δa/a=1.70e-02  e∈[0.0011,0.0701]  → stable [calm]
  Pandora                    a∈[0.00169,0.00169] AU  Δa/a=4.93e-04  e∈[0.0001,0.0065]  → stable [calm]
  Cassandra                  a∈[0.00391,0.00402] AU  Δa/a=2.84e-02  e∈[0.0229,0.0695]  → stable [calm]
  Chaos                      a∈[0.00992,0.01060] AU  Δa/a=6.83e-02  e∈[0.0013,0.0643]  → stable [calm]
    moon Dante: max_hill_frac=0.010, bound=True
    moon Hades: max_hill_frac=0.013, bound=True
    moon Pandora: max_hill_frac=0.022, bound=True
    moon Cassandra: max_hill_frac=0.053, bound=True
    moon Chaos: max_hill_frac=0.139, bound=True
  → wrote phase3/stability-sim/results/_principia2000/alpha_centauri_summary.json
  → wrote phase3/stability-sim/results/_principia2000/alpha_centauri_timeseries.csv
